# JRE version: OpenJDK Runtime Environment Microsoft-8035246 (17.0.8+7) (build 17.0.8+7-LTS)
# Java VM: OpenJDK 64-Bit Server VM Microsoft-8035246 (17.0.8+7-LTS, mixed mode, sharing, tiered, compressed oops, compressed class ptrs, g1 gc, windows-amd64)
GC Precious Log:
 CPUs: 8 total, 8 available
 Memory: 8029M
 Large Page Support: Disabled
 NUMA Support: Disabled
 Compressed Oops: Enabled (32-bit)
 Heap Region Size: 1M
 Heap Min Capacity: 8M
 Heap Initial Capacity: 126M
 Heap Max Capacity: 2G
 Pre-touch: Disabled
 Parallel Workers: 8
 Concurrent Workers: 2
 Concurrent Refinement Workers: 8
 Periodic GC: Disabled
Heap:
 garbage-first heap   total 416768K, used 282624K [0x0000000080000000, 0x0000000100000000)
  region size 1024K, 54 young (55296K), 10 survivors (10240K)
 Metaspace       used 108627K, committed 109952K, reserved 557056K
  class space    used 15046K, committed 15616K, reserved 425984K
GC Heap History (20 events):
Event: 16.605 GC heap before
{Heap before GC invocations=42 (full 0):
 garbage-first heap   total 184320K, used 149538K [0x0000000080000000, 0x0000000100000000)
  region size 1024K, 57 young (58368K), 1 survivors (1024K)
 Metaspace       used 81446K, committed 82176K, reserved 557056K
  class space    used 11319K, committed 11648K, reserved 425984K
}
Event: 16.608 GC heap after
{Heap after GC invocations=43 (full 0):
 garbage-first heap   total 184320K, used 95431K [0x0000000080000000, 0x0000000100000000)
  region size 1024K, 4 young (4096K), 4 survivors (4096K)
 Metaspace       used 81446K, committed 82176K, reserved 557056K
  class space    used 11319K, committed 11648K, reserved 425984K
}
Event: 17.040 GC heap before
{Heap before GC invocations=43 (full 0):
 garbage-first heap   total 184320K, used 150727K [0x0000000080000000, 0x0000000100000000)
  region size 1024K, 58 young (59392K), 4 survivors (4096K)
 Metaspace       used 85226K, committed 86016K, reserved 557056K
  class space    used 11990K, committed 12352K, reserved 425984K
}
Event: 17.043 GC heap after
{Heap after GC invocations=44 (full 0):
 garbage-first heap   total 184320K, used 97183K [0x0000000080000000, 0x0000000100000000)
  region size 1024K, 5 young (5120K), 5 survivors (5120K)
 Metaspace       used 85226K, committed 86016K, reserved 557056K
  class space    used 11990K, committed 12352K, reserved 425984K
}
Event: 17.421 GC heap before
{Heap before GC invocations=44 (full 0):
 garbage-first heap   total 184320K, used 153503K [0x0000000080000000, 0x0000000100000000)
  region size 1024K, 60 young (61440K), 5 survivors (5120K)
 Metaspace       used 87908K, committed 88768K, reserved 557056K
  class space    used 12360K, committed 12736K, reserved 425984K
}
Event: 17.427 GC heap after
{Heap after GC invocations=45 (full 0):
 garbage-first heap   total 184320K, used 101549K [0x0000000080000000, 0x0000000100000000)
  region size 1024K, 7 young (7168K), 7 survivors (7168K)
 Metaspace       used 87908K, committed 88768K, reserved 557056K
  class space    used 12360K, committed 12736K, reserved 425984K
}
Event: 18.061 GC heap before
{Heap before GC invocations=45 (full 0):
 garbage-first heap   total 184320K, used 156845K [0x0000000080000000, 0x0000000100000000)
  region size 1024K, 57 young (58368K), 7 survivors (7168K)
 Metaspace       used 90694K, committed 91520K, reserved 557056K
  class space    used 12718K, committed 13120K, reserved 425984K
}
Event: 18.070 GC heap after
{Heap after GC invocations=46 (full 0):
 garbage-first heap   total 416768K, used 116068K [0x0000000080000000, 0x0000000100000000)
  region size 1024K, 8 young (8192K), 8 survivors (8192K)
 Metaspace       used 90694K, committed 91520K, reserved 557056K
  class space    used 12718K, committed 13120K, reserved 425984K
}
Event: 20.231 GC heap before
{Heap before GC invocations=46 (full 0):
 garbage-first heap   total 416768K, used 312676K [0x0000000080000000, 0x0000000100000000)
  region size 1024K, 194 young (198656K), 8 survivors (8192K)
 Metaspace       used 96844K, committed 97984K, reserved 557056K
  class space    used 13581K, committed 14080K, reserved 425984K
}
Event: 20.247 GC heap after
{Heap after GC invocations=47 (full 0):
 garbage-first heap   total 416768K, used 152446K [0x0000000080000000, 0x0000000100000000)
  region size 1024K, 25 young (25600K), 25 survivors (25600K)
 Metaspace       used 96844K, committed 97984K, reserved 557056K
  class space    used 13581K, committed 14080K, reserved 425984K
}
Event: 21.183 GC heap before
{Heap before GC invocations=47 (full 0):
 garbage-first heap   total 416768K, used 288638K [0x0000000080000000, 0x0000000100000000)
  region size 1024K, 158 young (161792K), 25 survivors (25600K)
 Metaspace       used 99059K, committed 100224K, reserved 557056K
  class space    used 13877K, committed 14400K, reserved 425984K
}
Event: 21.205 GC heap after
{Heap after GC invocations=48 (full 0):
 garbage-first heap   total 416768K, used 172800K [0x0000000080000000, 0x0000000100000000)
  region size 1024K, 20 young (20480K), 20 survivors (20480K)
 Metaspace       used 99059K, committed 100224K, reserved 557056K
  class space    used 13877K, committed 14400K, reserved 425984K
}
Event: 22.491 GC heap before
{Heap before GC invocations=48 (full 0):
 garbage-first heap   total 416768K, used 306944K [0x0000000080000000, 0x0000000100000000)
  region size 1024K, 148 young (151552K), 20 survivors (20480K)
 Metaspace       used 103838K, committed 105024K, reserved 557056K
  class space    used 14544K, committed 15104K, reserved 425984K
}
Event: 22.513 GC heap after
{Heap after GC invocations=49 (full 0):
 garbage-first heap   total 416768K, used 196403K [0x0000000080000000, 0x0000000100000000)
  region size 1024K, 19 young (19456K), 19 survivors (19456K)
 Metaspace       used 103838K, committed 105024K, reserved 557056K
  class space    used 14544K, committed 15104K, reserved 425984K
}
Event: 23.542 GC heap before
{Heap before GC invocations=49 (full 0):
 garbage-first heap   total 416768K, used 319283K [0x0000000080000000, 0x0000000100000000)
  region size 1024K, 139 young (142336K), 19 survivors (19456K)
 Metaspace       used 105086K, committed 106368K, reserved 557056K
  class space    used 14656K, committed 15232K, reserved 425984K
}
Event: 23.562 GC heap after
{Heap after GC invocations=50 (full 0):
 garbage-first heap   total 416768K, used 214960K [0x0000000080000000, 0x0000000100000000)
  region size 1024K, 17 young (17408K), 17 survivors (17408K)
 Metaspace       used 105086K, committed 106368K, reserved 557056K
  class space    used 14656K, committed 15232K, reserved 425984K
}
Event: 24.304 GC heap before
{Heap before GC invocations=50 (full 0):
 garbage-first heap   total 416768K, used 331696K [0x0000000080000000, 0x0000000100000000)
  region size 1024K, 127 young (130048K), 17 survivors (17408K)
 Metaspace       used 107970K, committed 109248K, reserved 557056K
  class space    used 14951K, committed 15552K, reserved 425984K
}
Event: 24.322 GC heap after
{Heap after GC invocations=51 (full 0):
 garbage-first heap   total 416768K, used 226472K [0x0000000080000000, 0x0000000100000000)
  region size 1024K, 12 young (12288K), 12 survivors (12288K)
 Metaspace       used 107970K, committed 109248K, reserved 557056K
  class space    used 14951K, committed 15552K, reserved 425984K
}
Event: 24.899 GC heap before
{Heap before GC invocations=51 (full 0):
 garbage-first heap   total 416768K, used 332968K [0x0000000080000000, 0x0000000100000000)
  region size 1024K, 117 young (119808K), 12 survivors (12288K)
 Metaspace       used 108610K, committed 109888K, reserved 557056K
  class space    used 15046K, committed 15616K, reserved 425984K
}
Event: 24.912 GC heap after
{Heap after GC invocations=52 (full 0):
 garbage-first heap   total 416768K, used 234496K [0x0000000080000000, 0x0000000100000000)
  region size 1024K, 10 young (10240K), 10 survivors (10240K)
 Metaspace       used 108610K, committed 109888K, reserved 557056K
  class space    used 15046K, committed 15616K, reserved 425984K
}

